#-----------------------------------------------------------
# Vivado v2018.2 (64-bit)
# SW Build 2258646 on Thu Jun 14 20:03:12 MDT 2018
# IP Build 2256618 on Thu Jun 14 22:10:49 MDT 2018
# Start of session at: Tue May  7 01:14:10 2024
# Process ID: 11612
# Current directory: A:/codes/projects
# Command line: vivado.exe -gui_launcher_event rodinguilauncherevent19676 A:\codes\projects\ManoBasicComputer.xpr
# Log file: A:/codes/projects/vivado.log
# Journal file: A:/codes/projects\vivado.jou
#-----------------------------------------------------------
start_gui
open_project A:/codes/projects/ManoBasicComputer.xpr
INFO: [Project 1-313] Project file moved from 'A:/codes/ManoBasicComputer' since last save.
Scanning sources...
Finished scanning sources
INFO: [IP_Flow 19-234] Refreshing IP repositories
INFO: [IP_Flow 19-1704] No user IP repositories specified
INFO: [IP_Flow 19-2313] Loaded Vivado IP repository 'C:/Xilinx/Vivado/2018.2/data/ip'.
open_project: Time (s): cpu = 00:00:20 ; elapsed = 00:00:11 . Memory (MB): peak = 867.348 ; gain = 127.027
update_compile_order -fileset sources_1
exit
INFO: [Common 17-206] Exiting Vivado at Tue May  7 01:14:54 2024...
